<?xml version="1.0" encoding="UTF-8"?>
<!-- Generated by org.testng.reporters.JUnitReportReporter -->
<testsuite hostname="testinglaptop" failures="0" tests="1" name="practiceTest.TestNg1Test" time="0.024" errors="0" timestamp="20 Dec 2022 07:40:23 GMT">
  <testcase classname="practiceTest.TestNg1Test" name="test" time="0.024"/>
</testsuite> <!-- practiceTest.TestNg1Test -->
